<?xml version="1.0" encoding="UTF-8"?>
<!-- Generated by org.testng.reporters.JUnitXMLReporter -->
<testsuite ignored="0" hostname="DESKTOP-K7PPCQV" failures="1" tests="1" name="Internet Explorer - Windows 10" time="48.074" errors="0" timestamp="2023-09-16T14:23:06 IST">
  <testcase classname="SeleniumPackage.SimpleFormTest" name="testSimpleForm" time="43.365">
    <failure type="org.openqa.selenium.InvalidArgumentException" message="parameters property of command is not a valid JSON object
Build info: version: &amp;apos;4.12.1&amp;apos;, revision: &amp;apos;8e34639b11&amp;apos;
System info: os.name: &amp;apos;Windows 10&amp;apos;, os.arch: &amp;apos;amd64&amp;apos;, os.version: &amp;apos;10.0&amp;apos;, java.version: &amp;apos;17.0.6&amp;apos;
Driver info: org.openqa.selenium.remote.RemoteWebDriver
Command: [41SZB-8GEAG-H8CPN-MPUSH, get {url=https://www.lambdatest.com/selenium-playground/}]
Capabilities {acceptInsecureCerts: true, browserName: internet explorer, browserVersion: 11.0, pageLoadStrategy: normal, platformName: Windows 7, proxy: Proxy(), se:ieOptions: {browserAttachTimeout: 0, elementScrollBehavior: 0, enablePersistentHover: true, ie.browserCommandLineSwitches: , ie.ensureCleanSession: false, ie.fileUploadDialogTimeout: 3000, ie.forceCreateProcessApi: false, ignoreProtectedModeSettings: false, ignoreZoomSetting: false, initialBrowserUrl: http://localhost:41000/, nativeEvents: true, requireWindowFocus: false}, setWindowRect: true, timeouts: {implicit: 0, pageLoad: 300000, script: 30000}, webdriver.remote.sessionid: 41SZB-8GEAG-H8CPN-MPUSH}
Session ID: 41SZB-8GEAG-H8CPN-MPUSH">
      <![CDATA[org.openqa.selenium.InvalidArgumentException: parameters property of command is not a valid JSON object
Build info: version: '4.12.1', revision: '8e34639b11'
System info: os.name: 'Windows 10', os.arch: 'amd64', os.version: '10.0', java.version: '17.0.6'
Driver info: org.openqa.selenium.remote.RemoteWebDriver
Command: [41SZB-8GEAG-H8CPN-MPUSH, get {url=https://www.lambdatest.com/selenium-playground/}]
Capabilities {acceptInsecureCerts: true, browserName: internet explorer, browserVersion: 11.0, pageLoadStrategy: normal, platformName: Windows 7, proxy: Proxy(), se:ieOptions: {browserAttachTimeout: 0, elementScrollBehavior: 0, enablePersistentHover: true, ie.browserCommandLineSwitches: , ie.ensureCleanSession: false, ie.fileUploadDialogTimeout: 3000, ie.forceCreateProcessApi: false, ignoreProtectedModeSettings: false, ignoreZoomSetting: false, initialBrowserUrl: http://localhost:41000/, nativeEvents: true, requireWindowFocus: false}, setWindowRect: true, timeouts: {implicit: 0, pageLoad: 300000, script: 30000}, webdriver.remote.sessionid: 41SZB-8GEAG-H8CPN-MPUSH}
Session ID: 41SZB-8GEAG-H8CPN-MPUSH
at org.openqa.selenium.remote.codec.w3c.W3CHttpResponseCodec.createException(W3CHttpResponseCodec.java:200)
at org.openqa.selenium.remote.codec.w3c.W3CHttpResponseCodec.decode(W3CHttpResponseCodec.java:133)
at org.openqa.selenium.remote.codec.w3c.W3CHttpResponseCodec.decode(W3CHttpResponseCodec.java:52)
at org.openqa.selenium.remote.HttpCommandExecutor.execute(HttpCommandExecutor.java:191)
at org.openqa.selenium.remote.TracedCommandExecutor.execute(TracedCommandExecutor.java:51)
at org.openqa.selenium.remote.RemoteWebDriver.execute(RemoteWebDriver.java:602)
at org.openqa.selenium.remote.RemoteWebDriver.get(RemoteWebDriver.java:304)
at SeleniumPackage.SimpleFormTest.testSimpleForm(SimpleFormTest.java:70)
at java.base/java.util.ArrayList.forEach(ArrayList.java:1511)
at java.base/java.util.concurrent.FutureTask.run(FutureTask.java:264)
at java.base/java.util.concurrent.ThreadPoolExecutor.runWorker(ThreadPoolExecutor.java:1136)
at java.base/java.util.concurrent.ThreadPoolExecutor$Worker.run(ThreadPoolExecutor.java:635)
at java.base/java.lang.Thread.run(Thread.java:833)
... Removed 23 stack frames]]>
    </failure>
  </testcase> <!-- testSimpleForm -->
</testsuite> <!-- Internet Explorer - Windows 10 -->
