<?xml version="1.0" encoding="UTF-8"?>
<testng-results ignored="0" total="4" passed="3" failed="1" skipped="0">
  <reporter-output>
  </reporter-output>
  <suite started-at="2023-09-16T14:22:18 IST" name="LambdaTestParallelSuite" finished-at="2023-09-16T14:23:07 IST" duration-ms="48772">
    <groups>
    </groups>
    <test started-at="2023-09-16T14:22:18 IST" name="Microsoft Edge - macOS Sierra" finished-at="2023-09-16T14:22:46 IST" duration-ms="28185">
      <class name="SeleniumPackage.SimpleFormTest">
        <test-method is-config="true" signature="setUp(java.lang.String,java.lang.String,java.lang.String)[pri:0, instance:SeleniumPackage.SimpleFormTest@942a29c]" started-at="2023-09-16T14:22:18 IST" name="setUp" finished-at="2023-09-16T14:22:22 IST" duration-ms="3425" status="PASS">
          <params>
            <param index="0">
              <value>
                <![CDATA[msedge]]>
              </value>
            </param>
            <param index="1">
              <value>
                <![CDATA[87.0]]>
              </value>
            </param>
            <param index="2">
              <value>
                <![CDATA[macOS Sierra]]>
              </value>
            </param>
          </params>
          <reporter-output>
          </reporter-output>
        </test-method> <!-- setUp -->
        <test-method signature="testSimpleForm()[pri:0, instance:SeleniumPackage.SimpleFormTest@942a29c]" started-at="2023-09-16T14:22:22 IST" name="testSimpleForm" finished-at="2023-09-16T14:22:45 IST" duration-ms="23823" status="PASS">
          <reporter-output>
          </reporter-output>
        </test-method> <!-- testSimpleForm -->
        <test-method is-config="true" signature="tearDown()[pri:0, instance:SeleniumPackage.SimpleFormTest@942a29c]" started-at="2023-09-16T14:22:45 IST" name="tearDown" finished-at="2023-09-16T14:22:46 IST" duration-ms="862" status="PASS">
          <reporter-output>
          </reporter-output>
        </test-method> <!-- tearDown -->
      </class> <!-- SeleniumPackage.SimpleFormTest -->
    </test> <!-- Microsoft Edge - macOS Sierra -->
    <test started-at="2023-09-16T14:22:18 IST" name="Firefox - Windows 7" finished-at="2023-09-16T14:22:47 IST" duration-ms="28560">
      <class name="SeleniumPackage.SimpleFormTest">
        <test-method is-config="true" signature="setUp(java.lang.String,java.lang.String,java.lang.String)[pri:0, instance:SeleniumPackage.SimpleFormTest@60bd273d]" started-at="2023-09-16T14:22:18 IST" name="setUp" finished-at="2023-09-16T14:22:22 IST" duration-ms="3425" status="PASS">
          <params>
            <param index="0">
              <value>
                <![CDATA[firefox]]>
              </value>
            </param>
            <param index="1">
              <value>
                <![CDATA[82.0]]>
              </value>
            </param>
            <param index="2">
              <value>
                <![CDATA[Windows 7]]>
              </value>
            </param>
          </params>
          <reporter-output>
          </reporter-output>
        </test-method> <!-- setUp -->
        <test-method signature="testSimpleForm()[pri:0, instance:SeleniumPackage.SimpleFormTest@60bd273d]" started-at="2023-09-16T14:22:22 IST" name="testSimpleForm" finished-at="2023-09-16T14:22:46 IST" duration-ms="24152" status="PASS">
          <reporter-output>
          </reporter-output>
        </test-method> <!-- testSimpleForm -->
        <test-method is-config="true" signature="tearDown()[pri:0, instance:SeleniumPackage.SimpleFormTest@60bd273d]" started-at="2023-09-16T14:22:46 IST" name="tearDown" finished-at="2023-09-16T14:22:47 IST" duration-ms="918" status="PASS">
          <reporter-output>
          </reporter-output>
        </test-method> <!-- tearDown -->
      </class> <!-- SeleniumPackage.SimpleFormTest -->
    </test> <!-- Firefox - Windows 7 -->
    <test started-at="2023-09-16T14:22:18 IST" name="Internet Explorer - Windows 10" finished-at="2023-09-16T14:23:06 IST" duration-ms="48074">
      <class name="SeleniumPackage.SimpleFormTest">
        <test-method is-config="true" signature="setUp(java.lang.String,java.lang.String,java.lang.String)[pri:0, instance:SeleniumPackage.SimpleFormTest@5d534f5d]" started-at="2023-09-16T14:22:18 IST" name="setUp" finished-at="2023-09-16T14:22:22 IST" duration-ms="3791" status="PASS">
          <params>
            <param index="0">
              <value>
                <![CDATA[internet explorer]]>
              </value>
            </param>
            <param index="1">
              <value>
                <![CDATA[11.0]]>
              </value>
            </param>
            <param index="2">
              <value>
                <![CDATA[Windows 10]]>
              </value>
            </param>
          </params>
          <reporter-output>
          </reporter-output>
        </test-method> <!-- setUp -->
        <test-method signature="testSimpleForm()[pri:0, instance:SeleniumPackage.SimpleFormTest@5d534f5d]" started-at="2023-09-16T14:22:22 IST" name="testSimpleForm" finished-at="2023-09-16T14:23:05 IST" duration-ms="43365" status="FAIL">
          <exception class="org.openqa.selenium.InvalidArgumentException">
            <message>
              <![CDATA[parameters property of command is not a valid JSON object
Build info: version: '4.12.1', revision: '8e34639b11'
System info: os.name: 'Windows 10', os.arch: 'amd64', os.version: '10.0', java.version: '17.0.6'
Driver info: org.openqa.selenium.remote.RemoteWebDriver
Command: [41SZB-8GEAG-H8CPN-MPUSH, get {url=https://www.lambdatest.com/selenium-playground/}]
Capabilities {acceptInsecureCerts: true, browserName: internet explorer, browserVersion: 11.0, pageLoadStrategy: normal, platformName: Windows 7, proxy: Proxy(), se:ieOptions: {browserAttachTimeout: 0, elementScrollBehavior: 0, enablePersistentHover: true, ie.browserCommandLineSwitches: , ie.ensureCleanSession: false, ie.fileUploadDialogTimeout: 3000, ie.forceCreateProcessApi: false, ignoreProtectedModeSettings: false, ignoreZoomSetting: false, initialBrowserUrl: http://localhost:41000/, nativeEvents: true, requireWindowFocus: false}, setWindowRect: true, timeouts: {implicit: 0, pageLoad: 300000, script: 30000}, webdriver.remote.sessionid: 41SZB-8GEAG-H8CPN-MPUSH}
Session ID: 41SZB-8GEAG-H8CPN-MPUSH]]>
            </message>
            <full-stacktrace>
              <![CDATA[org.openqa.selenium.InvalidArgumentException: parameters property of command is not a valid JSON object
Build info: version: '4.12.1', revision: '8e34639b11'
System info: os.name: 'Windows 10', os.arch: 'amd64', os.version: '10.0', java.version: '17.0.6'
Driver info: org.openqa.selenium.remote.RemoteWebDriver
Command: [41SZB-8GEAG-H8CPN-MPUSH, get {url=https://www.lambdatest.com/selenium-playground/}]
Capabilities {acceptInsecureCerts: true, browserName: internet explorer, browserVersion: 11.0, pageLoadStrategy: normal, platformName: Windows 7, proxy: Proxy(), se:ieOptions: {browserAttachTimeout: 0, elementScrollBehavior: 0, enablePersistentHover: true, ie.browserCommandLineSwitches: , ie.ensureCleanSession: false, ie.fileUploadDialogTimeout: 3000, ie.forceCreateProcessApi: false, ignoreProtectedModeSettings: false, ignoreZoomSetting: false, initialBrowserUrl: http://localhost:41000/, nativeEvents: true, requireWindowFocus: false}, setWindowRect: true, timeouts: {implicit: 0, pageLoad: 300000, script: 30000}, webdriver.remote.sessionid: 41SZB-8GEAG-H8CPN-MPUSH}
Session ID: 41SZB-8GEAG-H8CPN-MPUSH
at java.base/jdk.internal.reflect.NativeConstructorAccessorImpl.newInstance0(Native Method)
at java.base/jdk.internal.reflect.NativeConstructorAccessorImpl.newInstance(NativeConstructorAccessorImpl.java:77)
at java.base/jdk.internal.reflect.DelegatingConstructorAccessorImpl.newInstance(DelegatingConstructorAccessorImpl.java:45)
at java.base/java.lang.reflect.Constructor.newInstanceWithCaller(Constructor.java:499)
at java.base/java.lang.reflect.Constructor.newInstance(Constructor.java:480)
at org.openqa.selenium.remote.codec.w3c.W3CHttpResponseCodec.createException(W3CHttpResponseCodec.java:200)
at org.openqa.selenium.remote.codec.w3c.W3CHttpResponseCodec.decode(W3CHttpResponseCodec.java:133)
at org.openqa.selenium.remote.codec.w3c.W3CHttpResponseCodec.decode(W3CHttpResponseCodec.java:52)
at org.openqa.selenium.remote.HttpCommandExecutor.execute(HttpCommandExecutor.java:191)
at org.openqa.selenium.remote.TracedCommandExecutor.execute(TracedCommandExecutor.java:51)
at org.openqa.selenium.remote.RemoteWebDriver.execute(RemoteWebDriver.java:602)
at org.openqa.selenium.remote.RemoteWebDriver.get(RemoteWebDriver.java:304)
at SeleniumPackage.SimpleFormTest.testSimpleForm(SimpleFormTest.java:70)
at java.base/jdk.internal.reflect.NativeMethodAccessorImpl.invoke0(Native Method)
at java.base/jdk.internal.reflect.NativeMethodAccessorImpl.invoke(NativeMethodAccessorImpl.java:77)
at java.base/jdk.internal.reflect.DelegatingMethodAccessorImpl.invoke(DelegatingMethodAccessorImpl.java:43)
at java.base/java.lang.reflect.Method.invoke(Method.java:568)
at org.testng.internal.MethodInvocationHelper.invokeMethod(MethodInvocationHelper.java:133)
at org.testng.internal.TestInvoker.invokeMethod(TestInvoker.java:598)
at org.testng.internal.TestInvoker.invokeTestMethod(TestInvoker.java:173)
at org.testng.internal.MethodRunner.runInSequence(MethodRunner.java:46)
at org.testng.internal.TestInvoker$MethodInvocationAgent.invoke(TestInvoker.java:824)
at org.testng.internal.TestInvoker.invokeTestMethods(TestInvoker.java:146)
at org.testng.internal.TestMethodWorker.invokeTestMethods(TestMethodWorker.java:146)
at org.testng.internal.TestMethodWorker.run(TestMethodWorker.java:128)
at java.base/java.util.ArrayList.forEach(ArrayList.java:1511)
at org.testng.TestRunner.privateRun(TestRunner.java:794)
at org.testng.TestRunner.run(TestRunner.java:596)
at org.testng.SuiteRunner.runTest(SuiteRunner.java:377)
at org.testng.SuiteRunner.access$000(SuiteRunner.java:28)
at org.testng.SuiteRunner$SuiteWorker.run(SuiteRunner.java:418)
at org.testng.internal.thread.ThreadUtil.lambda$execute$0(ThreadUtil.java:64)
at java.base/java.util.concurrent.FutureTask.run(FutureTask.java:264)
at java.base/java.util.concurrent.ThreadPoolExecutor.runWorker(ThreadPoolExecutor.java:1136)
at java.base/java.util.concurrent.ThreadPoolExecutor$Worker.run(ThreadPoolExecutor.java:635)
at java.base/java.lang.Thread.run(Thread.java:833)
]]>
            </full-stacktrace>
          </exception> <!-- org.openqa.selenium.InvalidArgumentException -->
          <reporter-output>
          </reporter-output>
        </test-method> <!-- testSimpleForm -->
        <test-method is-config="true" signature="tearDown()[pri:0, instance:SeleniumPackage.SimpleFormTest@5d534f5d]" started-at="2023-09-16T14:23:05 IST" name="tearDown" finished-at="2023-09-16T14:23:06 IST" duration-ms="850" status="PASS">
          <reporter-output>
          </reporter-output>
        </test-method> <!-- tearDown -->
      </class> <!-- SeleniumPackage.SimpleFormTest -->
    </test> <!-- Internet Explorer - Windows 10 -->
    <test started-at="2023-09-16T14:22:18 IST" name="Chrome - Windows 10" finished-at="2023-09-16T14:23:07 IST" duration-ms="48772">
      <class name="SeleniumPackage.SimpleFormTest">
        <test-method is-config="true" signature="setUp(java.lang.String,java.lang.String,java.lang.String)[pri:0, instance:SeleniumPackage.SimpleFormTest@6283d8b8]" started-at="2023-09-16T14:22:18 IST" name="setUp" finished-at="2023-09-16T14:22:22 IST" duration-ms="3707" status="PASS">
          <params>
            <param index="0">
              <value>
                <![CDATA[chrome]]>
              </value>
            </param>
            <param index="1">
              <value>
                <![CDATA[88.0]]>
              </value>
            </param>
            <param index="2">
              <value>
                <![CDATA[Windows 10]]>
              </value>
            </param>
          </params>
          <reporter-output>
          </reporter-output>
        </test-method> <!-- setUp -->
        <test-method signature="testSimpleForm()[pri:0, instance:SeleniumPackage.SimpleFormTest@6283d8b8]" started-at="2023-09-16T14:22:22 IST" name="testSimpleForm" finished-at="2023-09-16T14:23:05 IST" duration-ms="43324" status="PASS">
          <reporter-output>
          </reporter-output>
        </test-method> <!-- testSimpleForm -->
        <test-method is-config="true" signature="tearDown()[pri:0, instance:SeleniumPackage.SimpleFormTest@6283d8b8]" started-at="2023-09-16T14:23:05 IST" name="tearDown" finished-at="2023-09-16T14:23:07 IST" duration-ms="1676" status="PASS">
          <reporter-output>
          </reporter-output>
        </test-method> <!-- tearDown -->
      </class> <!-- SeleniumPackage.SimpleFormTest -->
    </test> <!-- Chrome - Windows 10 -->
  </suite> <!-- LambdaTestParallelSuite -->
</testng-results>
